{
  "stats": {
    "suites": 1,
    "tests": 3,
    "passes": 3,
    "pending": 0,
    "failures": 0,
    "start": "2020-07-10T08:20:26.260Z",
    "end": "2020-07-10T08:21:33.550Z",
    "duration": 67290,
    "testsRegistered": 3,
    "passPercent": 100,
    "pendingPercent": 0,
    "other": 0,
    "hasOther": false,
    "skipped": 0,
    "hasSkipped": false
  },
  "results": [
    {
      "uuid": "01b7e3db-dbc4-40db-a763-60b78d8a3954",
      "title": "",
      "fullFile": "cypress\\integration\\examples\\Acceleartedsort.js",
      "file": "cypress\\integration\\examples\\Acceleartedsort.js",
      "beforeHooks": [],
      "afterHooks": [],
      "tests": [],
      "suites": [
        {
          "uuid": "3a9a29e0-1632-4253-b696-54aa18f172e8",
          "title": "Login with Create study",
          "fullFile": "",
          "file": "",
          "beforeHooks": [],
          "afterHooks": [],
          "tests": [
            {
              "title": "verify the tiitle Page",
              "fullTitle": "Login with Create study verify the tiitle Page",
              "timedOut": null,
              "duration": 24620,
              "state": "passed",
              "speed": "slow",
              "pass": true,
              "fail": false,
              "pending": false,
              "context": null,
              "code": "cy.visit('https://marc.purespectrum.net');",
              "err": {},
              "uuid": "9a1c07f9-69ed-4393-b917-a50b90032294",
              "parentUUID": "3a9a29e0-1632-4253-b696-54aa18f172e8",
              "isHook": false,
              "skipped": false
            },
            {
              "title": "Login with valid details",
              "fullTitle": "Login with Create study Login with valid details",
              "timedOut": null,
              "duration": 9342,
              "state": "passed",
              "speed": "slow",
              "pass": true,
              "fail": false,
              "pending": false,
              "context": null,
              "code": "cy.get('input[type=email]').type(\"ankur.ongraph@gmail.com\", {\n  force: true\n});\ncy.get('input[type=password]').type(12345, {\n  force: true\n});\ncy.contains(' Sign in ').click();\ncy.clearCookies();",
              "err": {},
              "uuid": "3277fcbe-b84e-4f9f-997e-f5fddd5a78a3",
              "parentUUID": "3a9a29e0-1632-4253-b696-54aa18f172e8",
              "isHook": false,
              "skipped": false
            },
            {
              "title": "Create study",
              "fullTitle": "Login with Create study Create study",
              "timedOut": null,
              "duration": 27963,
              "state": "passed",
              "speed": "slow",
              "pass": true,
              "fail": false,
              "pending": false,
              "context": null,
              "code": "cy.contains('Research Products').click();\ncy.get('.product_row > :nth-child(3)').contains('Get Started').click();\ncy.contains('What is this survey about?');\ncy.get(':nth-child(1) > .form-control').type('Demo Accelerated sort automation');\ncy.contains('Objects being tested are?'); //uploading image in object \ncy.get('.normal_btn > :nth-child(1)').click();\ncy.get('.add_text_btn').click();\nvar yourFixturePath = 'dabdi.png';\nvar yourFixturePath1 = 'ttn.png';\ncy.get('[type=\"file\"]').attachFile(yourFixturePath);\ncy.get('.input_fl_row > .form-control').type('image1');\ncy.get(':nth-child(5) > :nth-child(1) > :nth-child(1) > :nth-child(2) > :nth-child(3)').click();\ncy.get('div.ng-pristine > .wrap_row_image > .wrap_choose_file > [type=\"file\"]').attachFile(yourFixturePath1);\ncy.get('div.ng-untouched > .wrap_row_image > .input_fl_row > .form-control').type('Image2'); //Please select 3 Attributes of the set listed below\ncy.get('.ng-input > input').click();\ncy.contains('Trustworthy').click();\ncy.contains('Passionate').click();\ncy.contains('Light-hearted').click(); //Added CustomQuestions\ncy.get('#customQuestionToggleYes').click();\ncy.get('#addQsnBtn_0').contains(' + Add Custom Question ').click();\ncy.get(':nth-child(1) > [_ngcontent-c6=\"\"] > app-input > .demo-full-width > .cstm_input_field').type('CS1'); // SELECT MULTIPUNCH \ncy.get('#type2').click();\ncy.get(':nth-child(3) > [_ngcontent-c6=\"\"] > app-input > .demo-full-width > .cstm_input_field').type('HOW MANY cars do you have');\ncy.scrollTo('bottom');\ncy.get(':nth-child(2) > :nth-child(1) > app-input > .demo-full-width > .cstm_input_field').type('one');\ncy.get('.add-button').click();\ncy.get(':nth-child(2) > :nth-child(2) > :nth-child(1) > app-input > .demo-full-width > .cstm_input_field').type('two'); // cy.get('.add-button').click()\n// cy.get(':nth-child(3) > :nth-child(2) > :nth-child(1) > app-input > .demo-full-width > .cstm_input_field')\n// .type('more tahn Two')\ncy.contains(' Save ').click();\ncy.get('#launch_button').click();",
              "err": {},
              "uuid": "185483d1-92a3-4bea-b848-d8d74a6c4b31",
              "parentUUID": "3a9a29e0-1632-4253-b696-54aa18f172e8",
              "isHook": false,
              "skipped": false
            }
          ],
          "suites": [],
          "passes": [
            "9a1c07f9-69ed-4393-b917-a50b90032294",
            "3277fcbe-b84e-4f9f-997e-f5fddd5a78a3",
            "185483d1-92a3-4bea-b848-d8d74a6c4b31"
          ],
          "failures": [],
          "pending": [],
          "skipped": [],
          "duration": 61925,
          "root": false,
          "rootEmpty": false,
          "_timeout": 2000
        }
      ],
      "passes": [],
      "failures": [],
      "pending": [],
      "skipped": [],
      "duration": 0,
      "root": true,
      "rootEmpty": true,
      "_timeout": 2000
    }
  ],
  "meta": {
    "mocha": {
      "version": "7.0.1"
    },
    "mochawesome": {
      "options": {
        "quiet": false,
        "reportFilename": "mochawesome",
        "saveHtml": true,
        "saveJson": true,
        "consoleReporter": "spec",
        "useInlineDiffs": false,
        "code": true
      },
      "version": "6.1.1"
    },
    "marge": {
      "options": {
        "overwrite": false,
        "html": true,
        "json": true
      },
      "version": "5.1.0"
    }
  }
}